c:\users\zonghua\desktop\软件杯\server_analysis_proj1.0\server_analysis_proj_copy\server_analysis_proj\release\server_analysis_proj.pch
c:\users\zonghua\desktop\软件杯\server_analysis_proj1.0\server_analysis_proj_copy\server_analysis_proj\release\vc141.pdb
c:\users\zonghua\desktop\软件杯\server_analysis_proj1.0\server_analysis_proj_copy\server_analysis_proj\release\stdafx.obj
c:\users\zonghua\desktop\软件杯\server_analysis_proj1.0\server_analysis_proj_copy\server_analysis_proj\release\server_analysis_proj.obj
c:\users\zonghua\desktop\软件杯\server_analysis_proj1.0\server_analysis_proj_copy\server_analysis_proj\release\database.obj
c:\users\zonghua\desktop\软件杯\server_analysis_proj1.0\server_analysis_proj_copy\server_analysis_proj\release\class_train.obj
c:\users\zonghua\desktop\软件杯\server_analysis_proj1.0\server_analysis_proj_new2.0\server_analysis_proj\release\server_analysis_proj.pch
c:\users\zonghua\desktop\软件杯\server_analysis_proj1.0\server_analysis_proj_new2.0\server_analysis_proj\release\vc141.pdb
c:\users\zonghua\desktop\软件杯\server_analysis_proj1.0\server_analysis_proj_new2.0\server_analysis_proj\release\stdafx.obj
c:\users\zonghua\desktop\软件杯\server_analysis_proj1.0\server_analysis_proj_new2.0\server_analysis_proj\release\wdsocket.obj
c:\users\zonghua\desktop\软件杯\server_analysis_proj1.0\server_analysis_proj_new2.0\server_analysis_proj\release\server_analysis_proj.obj
c:\users\zonghua\desktop\软件杯\server_analysis_proj1.0\server_analysis_proj_new2.0\server_analysis_proj\release\database.obj
c:\users\zonghua\desktop\软件杯\server_analysis_proj1.0\server_analysis_proj_copy\release\server_analysis_proj.exe
c:\users\zonghua\desktop\软件杯\server_analysis_proj1.0\server_analysis_proj_copy\release\server_analysis_proj.pdb
c:\users\zonghua\desktop\软件杯\server_analysis_proj1.0\server_analysis_proj_new2.0\release\server_analysis_proj.exe
c:\users\zonghua\desktop\软件杯\server_analysis_proj1.0\server_analysis_proj_new2.0\release\server_analysis_proj.pdb
c:\users\zonghua\desktop\软件杯\server_analysis_proj1.0\server_analysis_proj_copy\release\server_analysis_proj.ipdb
c:\users\zonghua\desktop\软件杯\server_analysis_proj1.0\server_analysis_proj_copy\release\server_analysis_proj.iobj
c:\users\zonghua\desktop\软件杯\server_analysis_proj1.0\server_analysis_proj_new2.0\release\server_analysis_proj.ipdb
c:\users\zonghua\desktop\软件杯\server_analysis_proj1.0\server_analysis_proj_new2.0\release\server_analysis_proj.iobj
c:\users\zonghua\desktop\软件杯\server_analysis_proj1.0\server_analysis_proj_threadpool\server_analysis_proj\release\class_train.obj
c:\users\zonghua\desktop\软件杯\server_analysis_proj1.0\server_analysis_proj_threadpool\server_analysis_proj\release\database.obj
c:\users\zonghua\desktop\软件杯\server_analysis_proj1.0\server_analysis_proj_threadpool\server_analysis_proj\release\server_analysis_proj.obj
c:\users\zonghua\desktop\软件杯\server_analysis_proj1.0\server_analysis_proj_threadpool\server_analysis_proj\release\stdafx.obj
c:\users\zonghua\desktop\软件杯\server_analysis_proj1.0\server_analysis_proj_threadpool\server_analysis_proj\release\wdsocket.obj
c:\users\zonghua\desktop\软件杯\server_analysis_proj1.0\server_analysis_proj_threadpool\server_analysis_proj\release\msado15.tli
c:\users\zonghua\desktop\软件杯\server_analysis_proj1.0\server_analysis_proj_threadpool\server_analysis_proj\release\msado15.tlh
c:\users\zonghua\desktop\软件杯\server_analysis_proj1.0\server_analysis_proj_threadpool\server_analysis_proj\release\server_analysis_proj.pch
c:\users\zonghua\desktop\软件杯\server_analysis_proj1.0\server_analysis_proj_threadpool\server_analysis_proj\release\vc141.pdb
c:\users\zonghua\desktop\软件杯\server_analysis_proj1.0\server_analysis_proj_threadpool\release\server_analysis_proj.pdb
c:\users\zonghua\desktop\软件杯\server_analysis_proj1.0\server_analysis_proj_threadpool\release\server_analysis_proj.exe
c:\users\zonghua\desktop\软件杯\server_analysis_proj1.0\server_analysis_proj_threadpool\server_analysis_proj\release\server_a.2eda193f.tlog\cl.command.1.tlog
c:\users\zonghua\desktop\软件杯\server_analysis_proj1.0\server_analysis_proj_threadpool\server_analysis_proj\release\server_a.2eda193f.tlog\cl.read.1.tlog
c:\users\zonghua\desktop\软件杯\server_analysis_proj1.0\server_analysis_proj_threadpool\server_analysis_proj\release\server_a.2eda193f.tlog\cl.write.1.tlog
c:\users\zonghua\desktop\软件杯\server_analysis_proj1.0\server_analysis_proj_threadpool\server_analysis_proj\release\server_a.2eda193f.tlog\link.command.1.tlog
c:\users\zonghua\desktop\软件杯\server_analysis_proj1.0\server_analysis_proj_threadpool\server_analysis_proj\release\server_a.2eda193f.tlog\link.read.1.tlog
c:\users\zonghua\desktop\软件杯\server_analysis_proj1.0\server_analysis_proj_threadpool\server_analysis_proj\release\server_a.2eda193f.tlog\link.write.1.tlog
c:\users\zonghua\desktop\软件杯\server_analysis_proj1.0\server_analysis_proj_threadpool\server_analysis_proj\release\server_a.2eda193f.tlog\server_analysis_proj.write.1u.tlog
